<?xml version="1.0" encoding="UTF-8"?>
<!-- Generated by org.testng.reporters.JUnitReportReporter -->
<testsuite hostname="DESKTOP-8BUMFP7" failures="0" tests="1" name="handsonscreenshot.Banklogin" time="15.738" errors="0" timestamp="2022-01-20T17:20:56 IST" skipped="0">
  <testcase classname="handsonscreenshot.Banklogin" name="bank_Screenshot" time="15.738"/>
  <system-out/>
</testsuite> <!-- handsonscreenshot.Banklogin -->
